<?xml version="1.0" encoding="UTF-8"?>
<!-- Generated by org.testng.reporters.JUnitReportReporter -->
<testsuite hostname="ULTP813" failures="0" tests="18" name="MagnetoTest.MagnetoApplicationTest" time="126.220" errors="0" timestamp="2023-02-06T15:20:28 IST" skipped="0">
  <testcase classname="MagnetoTest.MagnetoApplicationTest" name="chooseProduct" time="4.838"/>
  <system-out/>
  <testcase classname="MagnetoTest.MagnetoApplicationTest" name="chooseProduct" time="4.823"/>
  <system-out/>
  <testcase classname="MagnetoTest.MagnetoApplicationTest" name="chooseProduct" time="4.572"/>
  <system-out/>
  <testcase classname="MagnetoTest.MagnetoApplicationTest" name="selectProduct" time="1.347"/>
  <system-out/>
  <testcase classname="MagnetoTest.MagnetoApplicationTest" name="selectProduct" time="2.154"/>
  <system-out/>
  <testcase classname="MagnetoTest.MagnetoApplicationTest" name="selectProduct" time="1.220"/>
  <system-out/>
  <testcase classname="MagnetoTest.MagnetoApplicationTest" name="AddToCart" time="3.778"/>
  <system-out/>
  <testcase classname="MagnetoTest.MagnetoApplicationTest" name="AddToCart" time="2.857"/>
  <system-out/>
  <testcase classname="MagnetoTest.MagnetoApplicationTest" name="AddToCart" time="2.476"/>
  <system-out/>
  <testcase classname="MagnetoTest.MagnetoApplicationTest" name="Shippingcart" time="5.721"/>
  <system-out/>
  <testcase classname="MagnetoTest.MagnetoApplicationTest" name="Shippingcart" time="5.690"/>
  <system-out/>
  <testcase classname="MagnetoTest.MagnetoApplicationTest" name="Shippingcart" time="5.750"/>
  <system-out/>
  <testcase classname="MagnetoTest.MagnetoApplicationTest" name="FillShippingData" time="21.686"/>
  <system-out/>
  <testcase classname="MagnetoTest.MagnetoApplicationTest" name="FillShippingData" time="19.956"/>
  <system-out/>
  <testcase classname="MagnetoTest.MagnetoApplicationTest" name="FillShippingData" time="23.203"/>
  <system-out/>
  <testcase classname="MagnetoTest.MagnetoApplicationTest" name="VerifyOrderSummary" time="5.283"/>
  <system-out/>
  <testcase classname="MagnetoTest.MagnetoApplicationTest" name="VerifyOrderSummary" time="5.576"/>
  <system-out/>
  <testcase classname="MagnetoTest.MagnetoApplicationTest" name="VerifyOrderSummary" time="5.290"/>
  <system-out/>
</testsuite> <!-- MagnetoTest.MagnetoApplicationTest -->
